app/build/outputs/mapping/release/seeds.txt
com.nordling.ruuvilog.db.AppDatabase
com.nordling.ruuvilog.LoggingActivity
com.nordling.ruuvilog.db.AppDatabase_Impl
com.nordling.ruuvilog.MainActivity
com.nordling.ruuvilog.MainActivity: MainActivity()
com.nordling.ruuvilog.RuuviViewModel: RuuviViewModel()
com.nordling.ruuvilog.db.AppDatabase_Impl: AppDatabase_Impl()
com.nordling.ruuvilog.LoggingActivity: LoggingActivity()
com.nordling.ruuvilog.db.AppDatabase: AppDatabase()
...
com.google.android.material.button.MaterialButton: int getIconPadding()
androidx.appcompat.widget.AppCompatCheckedTextView: void setBackgroundDrawable(android.graphics.drawable.Drawable)
androidx.appcompat.widget.AppCompatToggleButton: void setSupportCompoundDrawablesTintMode(android.graphics.PorterDuff$Mode)
com.google.android.material.card.MaterialCardView: void setPreventCornerOverlap(boolean)
com.google.android.material.checkbox.MaterialCheckBox: android.graphics.drawable.Drawable getButtonIconDrawable()
com.google.android.material.bottomappbar.BottomAppBar$Behavior: BottomAppBar$Behavior()
com.google.android.material.textfield.TextInputLayout: void setCounterEnabled(boolean)
androidx.appcompat.widget.AppCompatImageView: android.content.res.ColorStateList getSupportBackgroundTintList()
androidx.appcompat.widget.AppCompatMultiAutoCompleteTextView: android.graphics.PorterDuff$Mode getSupportBackgroundTintMode()
com.google.android.material.button.MaterialButton: void setToggleCheckedStateOnClick(boolean)
androidx.appcompat.widget.AppCompatImageView: void setImageDrawable(android.graphics.drawable.Drawable)
com.google.android.material.chip.Chip: void setOnCloseIconClickListener(android.view.View$OnClickListener)
com.google.android.material.textfield.TextInputLayout: void setEndIconContentDescription(java.lang.CharSequence)
androidx.core.graphics.drawable.DrawableCompat$Api23Impl: boolean setLayoutDirection(android.graphics.drawable.Drawable,int)
androidx.appcompat.widget.AppCompatTextViewAutoSizeHelper$Api18Impl: boolean isInLayout(android.view.View)
androidx.appcompat.widget.AppCompatRadioButton: void setSupportCompoundDrawablesTintList(android.content.res.ColorStateList)
androidx.startup.InitializationProvider: InitializationProvider()
androidx.core.content.res.FontResourcesParserCompat$Api21Impl: int getType(android.content.res.TypedArray,int)
androidx.core.view.ViewCompat$Api16Impl: int getWindowSystemUiVisibility(android.view.View)
androidx.appcompat.view.menu.ActionMenuItemView: void setTitle(java.lang.CharSequence)
androidx.appcompat.widget.AppCompatToggleButton: android.graphics.PorterDuff$Mode getSupportBackgroundTintMode()
androidx.appcompat.widget.AppCompatTextView: androidx.appcompat.widget.AppCompatEmojiTextHelper getEmojiTextViewHelper()
com.google.android.material.button.MaterialButton: void setSupportBackgroundTintMode(android.graphics.PorterDuff$Mode)
androidx.lifecycle.ProcessLifecycleOwner$attach$1: void onActivityCreated(android.app.Activity,android.os.Bundle)
androidx.core.util.ObjectsCompat$Api19Impl: boolean equals(java.lang.Object,java.lang.Object)
androidx.appcompat.widget.AppCompatToggleButton: androidx.appcompat.widget.AppCompatEmojiTextHelper getEmojiTextViewHelper()
com.google.android.material.card.MaterialCardView: void setCheckedIconTint(android.content.res.ColorStateList)
androidx.appcompat.widget.AppCompatRadioButton: void setButtonDrawable(android.graphics.drawable.Drawable)
androidx.core.view.accessibility.AccessibilityNodeInfoCompat$Api19Impl: android.os.Bundle getExtras(android.view.accessibility.AccessibilityNodeInfo)
androidx.core.view.ViewCompat$Api16Impl: android.view.ViewParent getParentForAccessibility(android.view.View)
androidx.core.app.AppOpsManagerCompat$Api29Impl: java.lang.String getOpPackageName(android.content.Context)
androidx.appcompat.widget.AppCompatRadioButton: void setSupportBackgroundTintList(android.content.res.ColorStateList)
androidx.core.content.ContextCompat$Api21Impl: java.io.File getNoBackupFilesDir(android.content.Context)
androidx.appcompat.widget.AppCompatMultiAutoCompleteTextView: void setEmojiCompatEnabled(boolean)
com.google.android.material.textfield.TextInputLayout: int getErrorAccessibilityLiveRegion()
com.google.android.material.button.MaterialButton: int getTextLayoutWidth()
androidx.appcompat.widget.SearchView$Api29Impl: void refreshAutoCompleteResults(android.widget.AutoCompleteTextView)