app/build/outputs/mapping/release/usage.txt
com.nordling.ruuvilog.LoggingActivity$Companion:
    public final java.util.List getINTERVAL_LABELS()
com.nordling.ruuvilog.LoggingActivity:
    public static final java.lang.String EXTRA_MAC
    public static final synthetic java.util.List access$getINTERVAL_LABELS$cp()
com.nordling.ruuvilog.R$color
com.nordling.ruuvilog.R$id:
    private void <init>()
com.nordling.ruuvilog.R$layout:
    private void <init>()
com.nordling.ruuvilog.R$mipmap
com.nordling.ruuvilog.R$string
com.nordling.ruuvilog.R$style
com.nordling.ruuvilog.R
com.nordling.ruuvilog.RuuviParser:
    public static final int MANUFACTURER_ID
com.nordling.ruuvilog.RuuviTag:
    public final java.lang.String component1()
    public final java.lang.Integer component10()
    public final java.lang.Integer component11()
    public final java.lang.Integer component12()
    public final int component13()
    public final long component14()
    public final int component2()
    public final java.lang.Double component3()
    public final java.lang.Double component4()
    public final java.lang.Double component5()
    public final java.lang.Integer component6()
    public final java.lang.Integer component7()
    public final java.lang.Integer component8()
    public final java.lang.Double component9()
    public final com.nordling.ruuvilog.RuuviTag copy(java.lang.String,int,java.lang.Double,java.lang.Double,java.lang.Double,java.lang.Integer,java.lang.Integer,java.lang.Integer,java.lang.Double,java.lang.Integer,java.lang.Integer,java.lang.Integer,int,long)
    public static synthetic com.nordling.ruuvilog.RuuviTag copy$default(com.nordling.ruuvilog.RuuviTag,java.lang.String,int,java.lang.Double,java.lang.Double,java.lang.Double,java.lang.Integer,java.lang.Integer,java.lang.Integer,java.lang.Double,java.lang.Integer,java.lang.Integer,java.lang.Integer,int,long,int,java.lang.Object)
    public final java.lang.Integer getTxPower()
com.nordling.ruuvilog.RuuviViewModel:
    public final void clearTags()
com.nordling.ruuvilog.databinding.ActivityLoggingBinding:
    public synthetic bridge android.view.View getRoot()
com.nordling.ruuvilog.databinding.ActivityMainBinding:
    public synthetic bridge android.view.View getRoot()
com.nordling.ruuvilog.databinding.ItemLogBinding:
    public synthetic bridge android.view.View getRoot()
    public static com.nordling.ruuvilog.databinding.ItemLogBinding inflate(android.view.LayoutInflater)
com.nordling.ruuvilog.databinding.ItemRuuviBinding:
    public synthetic bridge android.view.View getRoot()
    public static com.nordling.ruuvilog.databinding.ItemRuuviBinding inflate(android.view.LayoutInflater)
com.nordling.ruuvilog.db.AppDatabase_Impl:
    public void clearAllTables()
com.nordling.ruuvilog.db.LogEntry:
    public final long component1()
    public final java.lang.String component2()
    public final double component3()
    public final long component4()
    public final com.nordling.ruuvilog.db.LogEntry copy(long,java.lang.String,double,long)
    public static synthetic com.nordling.ruuvilog.db.LogEntry copy$default(com.nordling.ruuvilog.db.LogEntry,long,java.lang.String,double,long,int,java.lang.Object)
com.nordling.ruuvilog.LogAdapter$Diff:
    public static boolean areContentsTheSame()
    public static boolean areItemsTheSame()
com.nordling.ruuvilog.LogAdapter$ViewHolder:
    public static void bind()
com.nordling.ruuvilog.LogAdapter:
    public static void onBindViewHolder$3()
    public static com.nordling.ruuvilog.LogAdapter$ViewHolder onCreateViewHolder()
com.nordling.ruuvilog.LoggingActivity$$InternalSyntheticLambda$1$3bf50fc3931c958b09fb592e25002d0c95902fb51c8559a278fac3bc68cf92f8$1
com.nordling.ruuvilog.LoggingActivity$Companion
com.nordling.ruuvilog.LoggingActivity$bluetoothAdapter$2:
    public final android.bluetooth.BluetoothAdapter invoke()
    public static com.nordling.ruuvilog.db.AppDatabase invoke()
com.nordling.ruuvilog.LoggingActivity$db$2
...
kotlin.jvm.internal.PropertyReference0:
    public abstract kotlin.reflect.KCallable compute$kotlin$jvm$internal$PropertyReference()
kotlin.jvm.internal.PropertyReference0Impl
kotlin.jvm.internal.PropertyReference
kotlin.jvm.internal.Reflection:
    public static final kotlin.reflect.KClass[] EMPTY_K_CLASS_ARRAY
    public static kotlin.jvm.internal.ClassReference getOrCreateKotlinClass(java.lang.Class)
kotlin.jvm.internal.ReflectionFactory:
    public static kotlin.reflect.KFunction function()
    public static kotlin.reflect.KClass getOrCreateKotlinClass()
    public static kotlin.reflect.KDeclarationContainer getOrCreateKotlinPackage()
    public static kotlin.reflect.KProperty0 property0()
    public static java.lang.String renderLambdaToString()
kotlin.jvm.internal.TypeIntrinsics
kotlin.random.AbstractPlatformRandom:
    public abstract int nextInt()
    public abstract int nextInt$1()
kotlin.random.FallbackThreadLocalRandom$implStorage$1:
    public static java.util.Random initialValue()
kotlin.random.Random$Default:
    public final int nextInt()
    public final int nextInt$1()
kotlin.random.Random:
    public abstract int nextInt()
    public abstract int nextInt$1()
kotlin.ranges.IntProgression$Companion
kotlin.ranges.IntProgression:
    public static final kotlin.ranges.IntProgression$Companion Companion
    static void <clinit>()
    public boolean equals(java.lang.Object)
    public static int getFirst()
    public static int getLast()
    public static int getStep()
    public int hashCode()
    public boolean isEmpty()
    public final kotlin.ranges.IntProgressionIterator iterator()
    public java.lang.String toString()
kotlin.ranges.IntRange$Companion
kotlin.ranges.IntRange:
    public static final kotlin.ranges.IntProgression$Companion Companion
    public static final kotlin.ranges.IntRange EMPTY
    public static boolean contains()
kotlin.ranges.RangesKt
kotlin.ranges.RangesKt__RangesKt
kotlin.ranges.RangesKt___RangesKt
kotlin.reflect.KDeclarationContainer
kotlin.reflect.KProperty0
kotlin.sequences.SequenceBuilderIterator:
    public static java.lang.Object nextNotReady()
    public static void setNextStep()
    public final void yield(android.view.View,kotlin.coroutines.Continuation)
    public static java.lang.Object yieldAll()
    public final java.lang.Object yieldAll(androidx.core.view.ViewGroupKt$children$1,kotlin.coroutines.Continuation)
    public static java.lang.Object yieldAll$kotlin$sequences$SequenceScope()
kotlin.sequences.SequenceScope
kotlin.sequences.SequencesKt__SequenceBuilderKt$sequence$$inlined$Sequence$1
kotlin.sequences.SequencesKt__SequenceBuilderKt
kotlin.sequences.SequencesKt__SequencesJVMKt
kotlin.sequences.SequencesKt__SequencesKt$asSequence$$inlined$Sequence$1
kotlin.sequences.SequencesKt__SequencesKt
kotlin.sequences.SequencesKt___SequencesJvmKt:
    public static kotlin.sequences.Sequence asSequence(java.util.Iterator)
kotlin.sequences.SequencesKt___SequencesKt
kotlin.text.CharsKt
kotlin.text.CharsKt__CharJVMKt
kotlin.text.CharsKt__CharKt
kotlin.text.StringsKt
kotlin.text.StringsKt__AppendableKt
kotlin.text.StringsKt__IndentKt
kotlin.text.StringsKt__RegexExtensionsJVMKt
kotlin.text.StringsKt__StringBuilderJVMKt
kotlin.text.StringsKt__StringNumberConversionsJVMKt
kotlin.text.StringsKt__StringsJVMKt
kotlin.text.StringsKt__StringsKt:
    public static boolean endsWith$default(java.lang.String,java.lang.String)
    public static final int getLastIndex(java.lang.CharSequence)
    public static final int indexOf$StringsKt__StringsKt(java.lang.CharSequence,java.lang.CharSequence,int,int,boolean,boolean)
    public static int indexOf$StringsKt__StringsKt$default(java.lang.CharSequence,java.lang.CharSequence,int,int,boolean)
    public static java.lang.String substringAfter$default(java.lang.String,java.lang.String)
kotlin.text.StringsKt___StringsJvmKt
kotlin.text.StringsKt___StringsKt